  [1m[35m (486.8ms)[0m  [1m[35mCREATE DATABASE "rails-students-courses-app_development" ENCODING = 'unicode'[0m
  ↳ bin/rails:9
  [1m[35m (374.9ms)[0m  [1m[35mCREATE DATABASE "rails-students-courses-app_test" ENCODING = 'unicode'[0m
  ↳ bin/rails:9
  [1m[35m (51.8ms)[0m  [1m[35mCREATE TABLE "schema_migrations" ("version" character varying NOT NULL PRIMARY KEY)[0m
  ↳ bin/rails:9
  [1m[35m (44.8ms)[0m  [1m[35mCREATE TABLE "ar_internal_metadata" ("key" character varying NOT NULL PRIMARY KEY, "value" character varying, "created_at" timestamp NOT NULL, "updated_at" timestamp NOT NULL)[0m
  ↳ bin/rails:9
  [1m[35m (0.2ms)[0m  [1m[34mSELECT pg_try_advisory_lock(1511800419852825690)[0m
  ↳ bin/rails:9
  [1m[35m (0.4ms)[0m  [1m[34mSELECT "schema_migrations"."version" FROM "schema_migrations" ORDER BY "schema_migrations"."version" ASC[0m
  ↳ bin/rails:9
Migrating to CreateInstructors (20190826160917)
  [1m[35m (0.1ms)[0m  [1m[35mBEGIN[0m
  ↳ bin/rails:9
  [1m[35m (47.5ms)[0m  [1m[35mCREATE TABLE "instructors" ("id" bigserial primary key, "name" character varying, "description" character varying, "link" character varying, "photo" character varying, "created_at" timestamp NOT NULL, "updated_at" timestamp NOT NULL)[0m
  ↳ db/migrate/20190826160917_create_instructors.rb:3
  [1m[36mActiveRecord::SchemaMigration Create (0.4ms)[0m  [1m[32mINSERT INTO "schema_migrations" ("version") VALUES ($1) RETURNING "version"[0m  [["version", "20190826160917"]]
  ↳ bin/rails:9
  [1m[35m (0.7ms)[0m  [1m[35mCOMMIT[0m
  ↳ bin/rails:9
  [1m[36mActiveRecord::InternalMetadata Load (0.3ms)[0m  [1m[34mSELECT  "ar_internal_metadata".* FROM "ar_internal_metadata" WHERE "ar_internal_metadata"."key" = $1 LIMIT $2[0m  [["key", "environment"], ["LIMIT", 1]]
  ↳ bin/rails:9
  [1m[35m (0.1ms)[0m  [1m[35mBEGIN[0m
  ↳ bin/rails:9
  [1m[36mActiveRecord::InternalMetadata Create (0.3ms)[0m  [1m[32mINSERT INTO "ar_internal_metadata" ("key", "value", "created_at", "updated_at") VALUES ($1, $2, $3, $4) RETURNING "key"[0m  [["key", "environment"], ["value", "development"], ["created_at", "2019-08-26 16:09:28.690582"], ["updated_at", "2019-08-26 16:09:28.690582"]]
  ↳ bin/rails:9
  [1m[35m (40.6ms)[0m  [1m[35mCOMMIT[0m
  ↳ bin/rails:9
  [1m[35m (0.3ms)[0m  [1m[34mSELECT pg_advisory_unlock(1511800419852825690)[0m
  ↳ bin/rails:9
  [1m[35m (0.3ms)[0m  [1m[34mSELECT "schema_migrations"."version" FROM "schema_migrations" ORDER BY "schema_migrations"."version" ASC[0m
  ↳ bin/rails:9
  [1m[35m (0.4ms)[0m  [1m[34mSELECT "schema_migrations"."version" FROM "schema_migrations" ORDER BY "schema_migrations"."version" ASC[0m
  ↳ bin/rails:9
  [1m[35m (0.1ms)[0m  [1m[35mBEGIN[0m
  ↳ db/seeds.rb:9
  [1m[36mInstructor Create (0.5ms)[0m  [1m[32mINSERT INTO "instructors" ("name", "description", "link", "photo", "created_at", "updated_at") VALUES ($1, $2, $3, $4, $5, $6) RETURNING "id"[0m  [["name", "Bruno Galvao"], ["description", "Bruno has a background in software engineering and product management. He’s worked extensively with JavaScript, Ruby, and Python applications in micro-service environments. Bruno strongly believes in adopting agile methodologies, software craftsmanship, test-driven development (TDD), code reviews, and pair-programming as a foundation for scalable defect-free code. In the past, he has worked for small startups building products and in large companies working on cross-functional, self-organizing, autonomous teams writing high-quality maintainable code. When he is not hacking away on his Macbook he enjoys going for long runs and practicing yoga. As a SEI Instructor Lead, he brings his experience and passion to the classroom preparing students for a life-long journey in software development!"], ["link", "https://linkedin.com/in/brunopgalvao"], ["photo", "https://ga-core.s3.amazonaws.com/production/uploads/instructor/image/18686/thumb_bruno001.png"], ["created_at", "2019-08-26 16:18:01.256459"], ["updated_at", "2019-08-26 16:18:01.256459"]]
  ↳ db/seeds.rb:9
  [1m[35m (5.8ms)[0m  [1m[35mCOMMIT[0m
  ↳ db/seeds.rb:9
  [1m[35m (0.2ms)[0m  [1m[35mBEGIN[0m
  ↳ db/seeds.rb:10
  [1m[36mInstructor Create (0.3ms)[0m  [1m[32mINSERT INTO "instructors" ("name", "description", "link", "photo", "created_at", "updated_at") VALUES ($1, $2, $3, $4, $5, $6) RETURNING "id"[0m  [["name", "Emre Surmeli"], ["description", "Emre is a software developer, a blockchain technology consultant, and an educator. Having gone through a full stack JavaScript boot camp in Seattle in 2015, he's passionate about accelerated learning programs and loves to take as well as teach them. Shortly after finishing his boot camp he worked at a tech startup building apps using node.js, Ruby/Rails, and AWS until October of 2018 when he decided to quit and try out digital nomad'ing in Central America. He was introduced to Ethereum by his co-worker in late 2016, since then he spent most of his free time learning and researching about blockchain technologies and how to develop them. In the excitement of quickly realizing the imperative and inevitable role of blockchain in advancing specific technologies, he developed a blockchain workshop for GA. Emre has been combining his experience in web development and understanding of blockchain technologies to helping companies build blockchain applications."], ["link", "https://www.linkedin.com/in/emresurmeli"], ["photo", "https://ga-core.s3.amazonaws.com/production/uploads/instructor/image/19535/thumb_2wdvr76.png"], ["created_at", "2019-08-26 16:18:01.264578"], ["updated_at", "2019-08-26 16:18:01.264578"]]
  ↳ db/seeds.rb:10
  [1m[35m (0.4ms)[0m  [1m[35mCOMMIT[0m
  ↳ db/seeds.rb:10
  [1m[35m (0.1ms)[0m  [1m[35mBEGIN[0m
  ↳ db/seeds.rb:11
  [1m[36mInstructor Create (0.2ms)[0m  [1m[32mINSERT INTO "instructors" ("name", "description", "link", "photo", "created_at", "updated_at") VALUES ($1, $2, $3, $4, $5, $6) RETURNING "id"[0m  [["name", "Steve VanWoerkom"], ["description", "Steven VanWoerkom is a Instructor Lead at General Assembly New York City. A passionate technologist, educator, and lifetime learner who loves guiding students on their career paths to becoming web developers."], ["link", "https://www.linkedin.com/in/steven-vanwoerkom"], ["photo", "https://ga-core.s3.amazonaws.com/production/uploads/instructor/image/18780/thumb_2uzxc85.jpg"], ["created_at", "2019-08-26 16:18:01.266795"], ["updated_at", "2019-08-26 16:18:01.266795"]]
  ↳ db/seeds.rb:11
  [1m[35m (0.4ms)[0m  [1m[35mCOMMIT[0m
  ↳ db/seeds.rb:11
  [1m[35m (0.1ms)[0m  [1m[35mBEGIN[0m
  ↳ db/seeds.rb:12
  [1m[36mInstructor Create (0.2ms)[0m  [1m[32mINSERT INTO "instructors" ("name", "description", "link", "photo", "created_at", "updated_at") VALUES ($1, $2, $3, $4, $5, $6) RETURNING "id"[0m  [["name", "Joe Keohan"], ["description", "Joe always had a passion for technology and after several years in the industry made the move into teaching Microsoft’s Server, Active Directory, and Sharepoint architectures. After working on a client project that involved Tableau and JavaScript, he was inspired to take GA’s Web Development Immersive Boot Camp where he made the decision to specialize in Data Visualization using D3.js. Upon graduation he worked on several D3 specific client projects before returning to GA as an instructor teaching their Front End Web Development and JavaScript evening classes. This ultimately led him into his current role as Lead Instructor for the WDI Bootcamp. He now spends his free time learning all things D3 while encouraging students to incorporate it into every project."], ["link", "https://www.linkedin.com/in/jkeohan"], ["photo", "https://ga-core.s3.amazonaws.com/production/uploads/instructor/image/7866/thumb_headshot_gtt4a1.jpg"], ["created_at", "2019-08-26 16:18:01.268585"], ["updated_at", "2019-08-26 16:18:01.268585"]]
  ↳ db/seeds.rb:12
  [1m[35m (0.4ms)[0m  [1m[35mCOMMIT[0m
  ↳ db/seeds.rb:12
  [1m[35m (0.4ms)[0m  [1m[34mSELECT COUNT(*) FROM "instructors"[0m
  ↳ db/seeds.rb:14
